{ = llaveFinal
/ = llaveFinal
/ = llaveFinal
Pru = Identificador
eba = Identificador
d = Identificador
e = Identificador
fu = Identificador
ego = Identificador
x26 = Identificador
= = Caracter
3.141592 = Numero
/ = llaveFinal
* = llaveFinal
* = llaveFinal
/ = llaveFinal
+++ = OperadorTermino
/ = llaveFinal
* = llaveFinal
* = llaveFinal
* = llaveFinal
/ = llaveFinal
- = finSentencia
- = finSentencia
- = finSentencia
/ = llaveFinal
* = llaveFinal
* = llaveFinal
* = llaveFinal
* = llaveFinal
/ = llaveFinal
&&&||| = OperadorFactor
=== = OperadorLogico
!! = OperadorTernario
== = OperadorLogico
/ = llaveFinal
/ = llaveFinal
T = Identificador
est = Identificador
<<<>>> = OperadorRelacional
"Hola mundo";/*Cadena Vacia*/"";+=-=*=/=%=
}"
         = Cadena
